/home/steen/Documents/Local projects/MoSIS_Assignments/Assignment1/Assignment1.Gantry_system_block/Gantry_system_block -port=46871 -logFormat=xmltcp -override=startTime=0,stopTime=20,stepSize=0.001,tolerance=1e-06,solver=dassl,outputFormat=mat,variableFilter=.* -r=/home/steen/Documents/Local projects/MoSIS_Assignments/Assignment1/Assignment1.Gantry_system_block/Gantry_system_block_res.mat -w -lv=LOG_STDOUT,LOG_ASSERT,LOG_STATS -inputPath=/home/steen/Documents/Local projects/MoSIS_Assignments/Assignment1/Assignment1.Gantry_system_block -outputPath=/home/steen/Documents/Local projects/MoSIS_Assignments/Assignment1/Assignment1.Gantry_system_block
The initialization finished successfully without homotopy method.
### STATISTICS ###
timer
 0.000249285s          reading init.xml
  3.6979e-05s          reading info.xml
  6.6526e-05s [  0.3%] pre-initialization
  2.7416e-05s [  0.1%] initialization
    9.79e-07s [  0.0%] steps
 0.000879389s [  3.3%] solver (excl. callbacks)
  0.00224481s [  8.5%] creating output-file
-5.42101e-20s [ -0.0%] event-handling
  0.00109538s [  4.1%] overhead
   0.0222213s [ 83.7%] simulation
   0.0265762s [100.0%] total
events
    0 state events
    0 time events
solver: dassl
   25 steps taken
   25 calls of functionODE
   24 evaluations of jacobian
    0 error test failures
    0 convergence test failures
1.36761e-05s time of jacobian evaluation
The simulation finished successfully.
