/home/nielsvandenbroeck/School/MoSIS/MoSIS_Assignments/Assignment1/Assignment1.Pendulum_swinging_motion/Pendulum_swinging_motion -port=44241 -logFormat=xmltcp -override=startTime=0,stopTime=20,stepSize=0.004,tolerance=1e-06,solver=dassl,outputFormat=mat,variableFilter=.* -r=/home/nielsvandenbroeck/School/MoSIS/MoSIS_Assignments/Assignment1/Assignment1.Pendulum_swinging_motion/Pendulum_swinging_motion_res.mat -w -lv=LOG_STDOUT,LOG_ASSERT,LOG_STATS -inputPath=/home/nielsvandenbroeck/School/MoSIS/MoSIS_Assignments/Assignment1/Assignment1.Pendulum_swinging_motion -outputPath=/home/nielsvandenbroeck/School/MoSIS/MoSIS_Assignments/Assignment1/Assignment1.Pendulum_swinging_motion
The initialization finished successfully without homotopy method.
### STATISTICS ###
timer
 0.000351114s          reading init.xml
  5.9349e-05s          reading info.xml
 0.000123835s [  0.9%] pre-initialization
  4.4429e-05s [  0.3%] initialization
   1.422e-06s [  0.0%] steps
 0.000749595s [  5.7%] solver (excl. callbacks)
  0.00091566s [  6.9%] creating output-file
   4.559e-06s [  0.0%] event-handling
 0.000457409s [  3.5%] overhead
   0.0108955s [ 82.6%] simulation
   0.0131924s [100.0%] total
events
    0 state events
    0 time events
solver: dassl
  638 steps taken
  666 calls of functionODE
   25 evaluations of jacobian
    5 error test failures
    0 convergence test failures
1.14e-05s time of jacobian evaluation
The simulation finished successfully.
